iter = 0 ; time = 1468013907.28425 ; x = [1.3537105610678211, 31.395225540691822, 1.2378152336620436, 0.078810162440293097, 0.54845192752849825, 1.7497328569028181] ; KLDivergence =  0.32217176462423536
iter = 1 ; time = 1468013907.754791 ; x = [0.87678241050051042, 25.785897545977129, 0.86097371556786273, 0.041180277537390217, 0.0099999999999997868, 1.1244334685175412] ; KLDivergence =  0.15963410357634775
iter = 2 ; time = 1468013908.214426 ; x = [0.92495678734479725, 19.790405010215231, 0.78734716814686911, 0.0, 0.0099999999999997868, 0.81348565104368342] ; KLDivergence =  0.13988725335259466
iter = 3 ; time = 1468013909.439322 ; x = [0.89712241567874429, 0.93720648485383862, 0.50355481478248931, 0.0, 0.0099999999999997868, 0.82093868211092258] ; KLDivergence =  0.09970510982552816
iter = 4 ; time = 1468013910.066081 ; x = [1.0925801870740273, 0.47360324242691831, 0.46191489457854651, 0.0, 0.046623374993309596, 0.81653769879547333] ; KLDivergence =  0.08819677709783241
iter = 5 ; time = 1468013910.589309 ; x = [3.0215420907624875, 0.24885151304513897, 0.46894904204871946, 0.0, 0.12636574295336578, 0.81265626674883107] ; KLDivergence =  0.03889069312206118
iter = 6 ; time = 1468013911.525983 ; x = [4.1689308511998178, 0.20599193729925247, 0.39573443422616839, 0.085464805871049931, 0.093942230399388649, 0.87706522669516152] ; KLDivergence =  0.02591701261028293
iter = 7 ; time = 1468013912.486069 ; x = [4.9688777739643655, 0.12024546473082864, 0.36521226207635316, 0.11271248921104669, 0.10061388923526904, 0.71280960660865111] ; KLDivergence =  0.02124585639799679
iter = 8 ; time = 1468013913.083084 ; x = [12.3378744375647, 0.054785795117972214, 0.34414773383468145, 0.12799027466894691, 0.27343463721175754, 0.53229766744898899] ; KLDivergence =  0.01193152114334908
iter = 9 ; time = 1468013914.008762 ; x = [12.269825716660087, 0.063682097672582927, 0.31677016909081024, 0.122395064476155, 0.18899939096246587, 0.56085838368798657] ; KLDivergence =  0.006120701546551763
iter = 10 ; time = 1468013914.7149 ; x = [14.499247567743176, 0.040843795760281409, 0.26689846536898676, 0.1210235779936291, 0.22417342332385859, 0.42142184540755601] ; KLDivergence =  0.004072105948721533
iter = 11 ; time = 1468013915.21856 ; x = [14.258080732787988, 0.059162438843927134, 0.27742045097392332, 0.080589778949681848, 0.20655561894499996, 0.5620850951285512] ; KLDivergence =  0.00318018667041874
iter = 12 ; time = 1468013916.1626 ; x = [13.336476334171209, 0.083906674855910524, 0.27616065014603608, 0.046271310265830659, 0.21238292629422117, 0.84529467388367707] ; KLDivergence =  0.0027178355563719434
iter = 13 ; time = 1468013917.022097 ; x = [11.073984881298642, 0.091337437780218522, 0.26815655421212226, 0.03856063151569572, 0.22225836657790143, 1.009340711287712] ; KLDivergence =  0.0023635045378142656
iter = 14 ; time = 1468013918.196592 ; x = [9.8655700617473698, 0.10337801724482176, 0.25826616921356216, 0.030972512579030539, 0.24431005997775257, 1.1472568704865926] ; KLDivergence =  0.0022619714187120826
iter = 15 ; time = 1468013918.899147 ; x = [9.8450720831226874, 0.10301706030141844, 0.25445133883348792, 0.031392859720876423, 0.24504175526224659, 1.1303038501206115] ; KLDivergence =  0.0022522538629475394
iter = 16 ; time = 1468013919.329327 ; x = [9.8544150464628686, 0.10289189210838146, 0.2526625423715414, 0.031516126549810661, 0.24758138092068771, 1.1032674754152183] ; KLDivergence =  0.002248818010536731
iter = 17 ; time = 1468013919.955239 ; x = [9.7859733876232582, 0.10296245773282209, 0.25232422213438177, 0.032153302363327071, 0.24864255350020326, 1.0856784284136454] ; KLDivergence =  0.0022476023385149036
iter = 18 ; time = 1468013920.598093 ; x = [9.7941985582983691, 0.10299449791455118, 0.25271843189652943, 0.032160469448764023, 0.24816873928897909, 1.0856447193699739] ; KLDivergence =  0.00224751110393446
iter = 19 ; time = 1468013921.151059 ; x = [9.8708497872401537, 0.10223258760302656, 0.25362582811901868, 0.032578395932763682, 0.24683563897497063, 1.0824569736740846] ; KLDivergence =  0.0022470350131752223
iter = 20 ; time = 1468013921.668495 ; x = [9.8836620925883594, 0.10185864436333958, 0.25354029906327025, 0.03313273072157491, 0.24682204644933892, 1.065466739169296] ; KLDivergence =  0.00224674720388577
iter = 21 ; time = 1468013922.150989 ; x = [9.8809011279828809, 0.10180252311975835, 0.25354409719785531, 0.033167252059312216, 0.24670935843246244, 1.0653675486052812] ; KLDivergence =  0.0022467368278136332
